<?xml version="1.0" encoding="UTF-8"?>
<!-- Generated by org.testng.reporters.JUnitReportReporter -->
<testsuite hostname="LAPTOP-55932NHU" failures="0" tests="1" name="rahulshetty.test.StandaloneTest2" time="16.337" errors="0" timestamp="2024-12-06T19:34:42 IST" skipped="0">
  <testcase classname="rahulshetty.test.StandaloneTest2" name="submitorder" time="16.337"/>
  <system-out/>
</testsuite> <!-- rahulshetty.test.StandaloneTest2 -->
